#
# There is insufficient memory for the Java Runtime Environment to continue.
# Native memory allocation (malloc) failed to allocate 32744 bytes for ChunkPool::allocate
# Possible reasons:
#   The system is out of physical RAM or swap space
#   In 32 bit mode, the process size limit was hit
# Possible solutions:
#   Reduce memory load on the system
#   Increase physical memory or swap space
#   Check if swap backing store is full
#   Use 64 bit Java on a 64 bit OS
#   Decrease Java heap size (-Xmx/-Xms)
#   Decrease number of Java threads
#   Decrease Java thread stack sizes (-Xss)
#   Set larger code cache with -XX:ReservedCodeCacheSize=
# This output file may be truncated or incomplete.
#
#  Out of Memory Error (allocation.cpp:273), pid=6224, tid=9172
#
# JRE version: Java(TM) SE Runtime Environment (8.0_40-b25) (build 1.8.0_40-b25)
# Java VM: Java HotSpot(TM) 64-Bit Server VM (25.40-b25 mixed mode windows-amd64 compressed oops)
# Failed to write core dump. Minidumps are not enabled by default on client versions of Windows
#

---------------  T H R E A D  ---------------

Current thread (0x00000000061df800):  JavaThread "C2 CompilerThread1" daemon [_thread_in_native, id=9172, stack(0x0000000007230000,0x0000000007330000)]

Stack: [0x0000000007230000,0x0000000007330000]
Native frames: (J=compiled Java code, j=interpreted, Vv=VM code, C=native code)
V  [jvm.dll+0x32b47a]


Current CompileTask:
C2:  10668 1821 %     4       com.android.dx.ssa.SsaConverter::placePhiFunctions @ 53 (394 bytes)


---------------  P R O C E S S  ---------------

Java Threads: ( => current thread )
  0x0000000007b95800 JavaThread "pool-1-thread-4" [_thread_in_vm, id=4944, stack(0x0000000009270000,0x0000000009370000)]
  0x0000000007abf000 JavaThread "pool-1-thread-3" [_thread_blocked, id=8800, stack(0x0000000009060000,0x0000000009160000)]
  0x0000000007abc800 JavaThread "pool-1-thread-2" [_thread_blocked, id=6352, stack(0x0000000008e10000,0x0000000008f10000)]
  0x0000000007abb800 JavaThread "pool-2-thread-1" [_thread_blocked, id=6608, stack(0x0000000008cd0000,0x0000000008dd0000)]
  0x0000000007abb000 JavaThread "pool-1-thread-1" [_thread_blocked, id=8808, stack(0x0000000008bb0000,0x0000000008cb0000)]
  0x0000000007827000 JavaThread "Service Thread" daemon [_thread_blocked, id=2352, stack(0x0000000008050000,0x0000000008150000)]
  0x00000000077b8000 JavaThread "C1 CompilerThread2" daemon [_thread_blocked, id=8828, stack(0x0000000007f30000,0x0000000008030000)]
=>0x00000000061df800 JavaThread "C2 CompilerThread1" daemon [_thread_in_native, id=9172, stack(0x0000000007230000,0x0000000007330000)]
  0x00000000077ab800 JavaThread "C2 CompilerThread0" daemon [_thread_in_native, id=8396, stack(0x0000000007480000,0x0000000007580000)]
  0x00000000077aa800 JavaThread "Attach Listener" daemon [_thread_blocked, id=6556, stack(0x0000000007dd0000,0x0000000007ed0000)]
  0x00000000061dd800 JavaThread "Signal Dispatcher" daemon [_thread_blocked, id=7876, stack(0x0000000007c50000,0x0000000007d50000)]
  0x0000000006173800 JavaThread "Finalizer" daemon [_thread_blocked, id=8496, stack(0x00000000076a0000,0x00000000077a0000)]
  0x0000000006172000 JavaThread "Reference Handler" daemon [_thread_blocked, id=396, stack(0x0000000007590000,0x0000000007690000)]
  0x00000000004de000 JavaThread "main" [_thread_blocked, id=5256, stack(0x0000000002a10000,0x0000000002b10000)]

Other Threads:
  0x000000000616c800 VMThread [stack: 0x0000000007380000,0x0000000007480000] [id=4236]
  0x0000000007841800 WatcherThread [stack: 0x0000000008200000,0x0000000008300000] [id=4836]

VM state:not at safepoint (normal execution)

VM Mutex/Monitor currently owned by a thread: None

Heap:
 PSYoungGen      total 68608K, used 28392K [0x00000000eab00000, 0x00000000ef300000, 0x0000000100000000)
  eden space 63488K, 36% used [0x00000000eab00000,0x00000000ec1bfd30,0x00000000ee900000)
  from space 5120K, 99% used [0x00000000eee00000,0x00000000ef2fa638,0x00000000ef300000)
  to   space 5120K, 0% used [0x00000000ee900000,0x00000000ee900000,0x00000000eee00000)
 ParOldGen       total 84992K, used 4295K [0x00000000c0000000, 0x00000000c5300000, 0x00000000eab00000)
  object space 84992K, 5% used [0x00000000c0000000,0x00000000c0431c38,0x00000000c5300000)
 Metaspace       used 6286K, capacity 7152K, committed 7296K, reserved 1056768K
  class space    used 597K, capacity 616K, committed 640K, reserved 1048576K

Card table byte_map: [0x0000000002ed0000,0x00000000030e0000] byte_map_base: 0x00000000028d0000

Marking Bits: (ParMarkBitMap*) 0x000000005a074040
 Begin Bits: [0x00000000035e0000, 0x00000000045e0000)
 End Bits:   [0x00000000045e0000, 0x00000000055e0000)

Polling page: 0x0000000000360000

CodeCache: size=245760Kb used=8077Kb max_used=8094Kb free=237682Kb
 bounds [0x0000000010040000, 0x0000000010840000, 0x000000001f040000]
 total_blobs=2090 nmethods=1818 adapters=184
 compilation: enabled

Compilation events (10 events):
Event: 10.286 Thread 0x00000000077b8000 nmethod 1815 0x00000000108080d0 code [0x0000000010808260, 0x0000000010808670]
Event: 10.306 Thread 0x00000000077ab800 nmethod 1814 0x0000000010818dd0 code [0x0000000010818fe0, 0x000000001081a5a8]
Event: 10.344 Thread 0x00000000077b8000 1817       3       java.util.concurrent.locks.AbstractQueuedSynchronizer::parkAndCheckInterrupt (8 bytes)
Event: 10.345 Thread 0x00000000077b8000 nmethod 1817 0x0000000010812ad0 code [0x0000000010812c60, 0x00000000108130d8]
Event: 10.447 Thread 0x00000000061df800 1818       4       com.android.dx.cf.code.LocalVariableList::pcAndIndexToLocal (51 bytes)
Event: 10.449 Thread 0x00000000061df800 nmethod 1818 0x000000001081cad0 code [0x000000001081cc20, 0x000000001081ce38]
Event: 10.653 Thread 0x00000000077b8000 1819       3       java.util.concurrent.locks.AbstractQueuedSynchronizer$ConditionObject::doSignal (43 bytes)
Event: 10.653 Thread 0x00000000077b8000 nmethod 1819 0x000000001081c4d0 code [0x000000001081c640, 0x000000001081c9c8]
Event: 10.665 Thread 0x00000000077ab800 1820       4       com.android.dx.ssa.back.IdenticalBlockCombiner::process (323 bytes)
Event: 10.665 Thread 0x00000000061df800 1821 %     4       com.android.dx.ssa.SsaConverter::placePhiFunctions @ 53 (394 bytes)

GC Heap History (4 events):
Event: 0.963 GC heap before
{Heap before GC invocations=1 (full 0):
 PSYoungGen      total 36864K, used 31744K [0x00000000eab00000, 0x00000000ed400000, 0x0000000100000000)
  eden space 31744K, 100% used [0x00000000eab00000,0x00000000eca00000,0x00000000eca00000)
  from space 5120K, 0% used [0x00000000ecf00000,0x00000000ecf00000,0x00000000ed400000)
  to   space 5120K, 0% used [0x00000000eca00000,0x00000000eca00000,0x00000000ecf00000)
 ParOldGen       total 84992K, used 0K [0x00000000c0000000, 0x00000000c5300000, 0x00000000eab00000)
  object space 84992K, 0% used [0x00000000c0000000,0x00000000c0000000,0x00000000c5300000)
 Metaspace       used 5912K, capacity 6832K, committed 7040K, reserved 1056768K
  class space    used 590K, capacity 616K, committed 640K, reserved 1048576K
Event: 1.187 GC heap after
Heap after GC invocations=1 (full 0):
 PSYoungGen      total 36864K, used 5090K [0x00000000eab00000, 0x00000000ef300000, 0x0000000100000000)
  eden space 31744K, 0% used [0x00000000eab00000,0x00000000eab00000,0x00000000eca00000)
  from space 5120K, 99% used [0x00000000eca00000,0x00000000ecef8ab0,0x00000000ecf00000)
  to   space 5120K, 0% used [0x00000000eee00000,0x00000000eee00000,0x00000000ef300000)
 ParOldGen       total 84992K, used 749K [0x00000000c0000000, 0x00000000c5300000, 0x00000000eab00000)
  object space 84992K, 0% used [0x00000000c0000000,0x00000000c00bb6f0,0x00000000c5300000)
 Metaspace       used 5912K, capacity 6832K, committed 7040K, reserved 1056768K
  class space    used 590K, capacity 616K, committed 640K, reserved 1048576K
}
Event: 6.442 GC heap before
{Heap before GC invocations=2 (full 0):
 PSYoungGen      total 36864K, used 36834K [0x00000000eab00000, 0x00000000ef300000, 0x0000000100000000)
  eden space 31744K, 100% used [0x00000000eab00000,0x00000000eca00000,0x00000000eca00000)
  from space 5120K, 99% used [0x00000000eca00000,0x00000000ecef8ab0,0x00000000ecf00000)
  to   space 5120K, 0% used [0x00000000eee00000,0x00000000eee00000,0x00000000ef300000)
 ParOldGen       total 84992K, used 749K [0x00000000c0000000, 0x00000000c5300000, 0x00000000eab00000)
  object space 84992K, 0% used [0x00000000c0000000,0x00000000c00bb6f0,0x00000000c5300000)
 Metaspace       used 6232K, capacity 7088K, committed 7296K, reserved 1056768K
  class space    used 595K, capacity 616K, committed 640K, reserved 1048576K
Event: 6.851 GC heap after
Heap after GC invocations=2 (full 0):
 PSYoungGen      total 68608K, used 5097K [0x00000000eab00000, 0x00000000ef300000, 0x0000000100000000)
  eden space 63488K, 0% used [0x00000000eab00000,0x00000000eab00000,0x00000000ee900000)
  from space 5120K, 99% used [0x00000000eee00000,0x00000000ef2fa638,0x00000000ef300000)
  to   space 5120K, 0% used [0x00000000ee900000,0x00000000ee900000,0x00000000eee00000)
 ParOldGen       total 84992K, used 4295K [0x00000000c0000000, 0x00000000c5300000, 0x00000000eab00000)
  object space 84992K, 5% used [0x00000000c0000000,0x00000000c0431c38,0x00000000c5300000)
 Metaspace       used 6232K, capacity 7088K, committed 7296K, reserved 1056768K
  class space    used 595K, capacity 616K, committed 640K, reserved 1048576K
}

Deoptimization events (10 events):
Event: 7.281 Thread 0x0000000007abc800 Uncommon trap: reason=null_assert action=make_not_entrant pc=0x0000000010758b60 method=com.android.dx.cf.code.RopperMachine.run(Lcom/android/dx/cf/code/Frame;II)V @ 1112
Event: 7.774 Thread 0x0000000007abc800 Uncommon trap: reason=class_check action=maybe_recompile pc=0x0000000010606720 method=com.android.dx.cf.code.BytecodeArray.parseInstruction(ILcom/android/dx/cf/code/BytecodeArray$Visitor;)I @ 1051
Event: 7.774 Thread 0x0000000007abc800 Uncommon trap: reason=bimorphic action=maybe_recompile pc=0x00000000105c80a4 method=com.android.dx.rop.code.RegisterSpec.withSimpleType()Lcom/android/dx/rop/code/RegisterSpec; @ 21
Event: 8.816 Thread 0x0000000007abc800 Uncommon trap: reason=unstable_if action=reinterpret pc=0x00000000107adb0c method=java.util.ArrayList.<init>(I)V @ 5
Event: 8.816 Thread 0x0000000007abc800 Uncommon trap: reason=unstable_if action=reinterpret pc=0x00000000106fdb1c method=com.android.dx.rop.code.RegisterSpecSet.<init>(I)V @ 2
Event: 8.816 Thread 0x0000000007abc800 Uncommon trap: reason=unstable_if action=reinterpret pc=0x00000000103ca5e8 method=com.android.dx.rop.code.RegisterSpecSet.<init>(I)V @ 2
Event: 8.897 Thread 0x0000000007abf000 Uncommon trap: reason=bimorphic action=maybe_recompile pc=0x00000000107a10e0 method=com.android.dx.cf.code.RopperMachine.run(Lcom/android/dx/cf/code/Frame;II)V @ 988
Event: 8.931 Thread 0x0000000007abf000 Uncommon trap: reason=unstable_if action=reinterpret pc=0x000000001053aab0 method=com.android.dx.ssa.SCCP.simulateBranch(Lcom/android/dx/ssa/SsaInsn;)V @ 64
Event: 8.932 Thread 0x0000000007abf000 Uncommon trap: reason=unloaded action=reinterpret pc=0x00000000105e93a0 method=com.android.dx.ssa.LiteralOpUpgrader$1.visitNonMoveInsn(Lcom/android/dx/ssa/NormalSsaInsn;)V @ 72
Event: 8.932 Thread 0x0000000007abf000 Uncommon trap: reason=unstable_if action=reinterpret pc=0x000000001036184c method=com.android.dx.ssa.SsaMethod.updateOneDefinition(Lcom/android/dx/ssa/SsaInsn;Lcom/android/dx/rop/code/RegisterSpec;)V @ 4

Internal exceptions (2 events):
Event: 0.074 Thread 0x00000000004de000 Exception <a 'java/lang/NoSuchMethodError': Method sun.misc.Unsafe.defineClass(Ljava/lang/String;[BII)Ljava/lang/Class; name or signature does not match> (0x00000000eab12f30) thrown at [D:\re\workspace\8-2-build-windows-amd64-cygwin\jdk8u40\2855\hotspot\sr®úšZËÙ²?
Event: 0.074 Thread 0x00000000004de000 Exception <a 'java/lang/NoSuchMethodError': Method sun.misc.Unsafe.prefetchRead(Ljava/lang/Object;J)V name or signature does not match> (0x00000000eab131c0) thrown at [D:\re\workspace\8-2-build-windows-amd64-cygwin\jdk8u40\2855\hotspot\src\share\vm\prims\j

Events (10 events):
Event: 8.932 loading class com/android/dx/rop/code/RegOps done
Event: 8.932 Thread 0x0000000007abf000 DEOPT PACKING pc=0x00000000105e93a0 sp=0x000000000915e870
Event: 8.932 Thread 0x0000000007abf000 DEOPT UNPACKING pc=0x000000001008582a sp=0x000000000915e838 mode 2
Event: 8.932 Thread 0x0000000007abf000 Uncommon trap: trap_request=0xffffff65 fr.pc=0x000000001036184c
Event: 8.932 Thread 0x0000000007abf000 DEOPT PACKING pc=0x000000001036184c sp=0x000000000915e6b0
Event: 8.932 Thread 0x0000000007abf000 DEOPT UNPACKING pc=0x000000001008582a sp=0x000000000915e658 mode 2
Event: 10.281 loading class com/android/dx/cf/attrib/AttRuntimeInvisibleAnnotations
Event: 10.281 loading class com/android/dx/cf/attrib/AttRuntimeInvisibleAnnotations done
Event: 10.281 loading class com/android/dx/cf/attrib/BaseAnnotations
Event: 10.281 loading class com/android/dx/cf/attrib/BaseAnnotations done


Dynamic libraries:
0x000000013f8e0000 - 0x000000013f917000 	C:\Program Files\Java\jdk1.8.0_40\bin\java.exe
0x0000000076ec0000 - 0x000000007706a000 	C:\Windows\SYSTEM32\ntdll.dll
0x0000000076a80000 - 0x0000000076b9f000 	C:\Windows\system32\kernel32.dll
0x000007fefd470000 - 0x000007fefd4da000 	C:\Windows\system32\KERNELBASE.dll
0x000007feff020000 - 0x000007feff0fb000 	C:\Windows\system32\ADVAPI32.dll
0x000007fefdb60000 - 0x000007fefdbff000 	C:\Windows\system32\msvcrt.dll
0x000007feff1b0000 - 0x000007feff1cf000 	C:\Windows\SYSTEM32\sechost.dll
0x000007fefe100000 - 0x000007fefe22d000 	C:\Windows\system32\RPCRT4.dll
0x0000000076dc0000 - 0x0000000076eba000 	C:\Windows\system32\USER32.dll
0x000007fefddd0000 - 0x000007fefde37000 	C:\Windows\system32\GDI32.dll
0x000007feff1a0000 - 0x000007feff1ae000 	C:\Windows\system32\LPK.dll
0x000007fefdf50000 - 0x000007fefe01a000 	C:\Windows\system32\USP10.dll
0x000007fefbdf0000 - 0x000007fefbfe4000 	C:\Windows\WinSxS\amd64_microsoft.windows.common-controls_6595b64144ccf1df_6.0.7601.18837_none_fa3b1e3d17594757\COMCTL32.dll
0x000007fefd8d0000 - 0x000007fefd941000 	C:\Windows\system32\SHLWAPI.dll
0x000007fefdcd0000 - 0x000007fefdcfe000 	C:\Windows\system32\IMM32.DLL
0x000007fefde40000 - 0x000007fefdf49000 	C:\Windows\system32\MSCTF.dll
0x000007fef5320000 - 0x000007fef5343000 	C:\Windows\system32\f_im.dll
0x0000000061000000 - 0x00000000610bd000 	C:\Program Files\Fasoo DRM\f_sps.dll
0x000007fefc480000 - 0x000007fefc48c000 	C:\Windows\system32\VERSION.dll
0x000007fefe230000 - 0x000007fefefba000 	C:\Windows\system32\SHELL32.dll
0x000007fefd950000 - 0x000007fefdb53000 	C:\Windows\system32\ole32.dll
0x000007fefe020000 - 0x000007fefe0fa000 	C:\Windows\system32\OLEAUT32.dll
0x0000000068670000 - 0x000000006869f000 	C:\Windows\WinSxS\amd64_microsoft.vc90.atl_1fc8b3b9a1e18e3b_9.0.30729.6161_none_0a1fd3a3a768b895\ATL90.DLL
0x0000000077080000 - 0x0000000077087000 	C:\Windows\system32\PSAPI.DLL
0x000007fef5e40000 - 0x000007fef5eb1000 	C:\Windows\system32\winspool.drv
0x0000000010000000 - 0x0000000010033000 	C:\Windows\system32\f_pbrc12.dll
0x000007fefb220000 - 0x000007fefb238000 	C:\Windows\system32\dwmapi.dll
0x0000000066b80000 - 0x0000000066c52000 	C:\Program Files\Java\jdk1.8.0_40\jre\bin\msvcr100.dll
0x0000000059870000 - 0x000000005a0f3000 	C:\Program Files\Java\jdk1.8.0_40\jre\bin\server\jvm.dll
0x000007fef5df0000 - 0x000007fef5df9000 	C:\Windows\system32\WSOCK32.dll
0x000007fefdc00000 - 0x000007fefdc4d000 	C:\Windows\system32\WS2_32.dll
0x000007fefdd00000 - 0x000007fefdd08000 	C:\Windows\system32\NSI.dll
0x000007fefb180000 - 0x000007fefb1bb000 	C:\Windows\system32\WINMM.dll
0x0000000072fa0000 - 0x0000000072faf000 	C:\Program Files\Java\jdk1.8.0_40\jre\bin\verify.dll
0x0000000066b50000 - 0x0000000066b79000 	C:\Program Files\Java\jdk1.8.0_40\jre\bin\java.dll
0x0000000066b30000 - 0x0000000066b46000 	C:\Program Files\Java\jdk1.8.0_40\jre\bin\zip.dll
0x000007fefd320000 - 0x000007fefd32f000 	C:\Windows\system32\profapi.dll

VM Arguments:
jvm_args: -Xmx1024M -Dfile.encoding=x-windows-949 -Duser.country=KR -Duser.language=ko -Duser.variant 
java_command: com.android.dx.command.Main --dex --num-threads=4 --output E:\preDriveE\Tridel\HomeSetControl\app\build\intermediates\pre-dexed\debug\internal_impl-23.1.1-851f331171d02e4dc6f413a3a0818b739e0cc052.jar E:\preDriveE\Tridel\HomeSetControl\app\build\intermediates\exploded-aar\com.android.support\support-v4\23.1.1\jars\libs\internal_impl-23.1.1.jar
java_class_path (initial): C:\Users\OWNER\AppData\Local\Android\sdk\build-tools\23.0.3\lib\dx.jar
Launcher Type: SUN_STANDARD

Environment Variables:
JAVA_HOME=C:\Program Files\Java\jdk1.8.0_40
CLASSPATH=C:\Program Files (x86)\SAP\SAP Business One DI API\JCO\LIB\sbowrapper.jar;C:\Program Files (x86)\SAP\SAP Business One DI API\JCO\LIB\sboapi.jar;C:\Program Files\Java\jdk1.8.0_40\lib\;.
PATH=C:\ProgramData\Oracle\Java\javapath;C:\Program Files (x86)\Intel\iCLS Client\;C:\Program Files\Intel\iCLS Client\;C:\Windows\system32;C:\Windows;C:\Windows\System32\Wbem;C:\Windows\System32\WindowsPowerShell\v1.0\;C:\Program Files (x86)\Intel\OpenCL SDK\3.0\bin\x86;C:\Program Files (x86)\Intel\OpenCL SDK\3.0\bin\x64;C:\Program Files\Intel\Intel(R) Management Engine Components\DAL;C:\Program Files\Intel\Intel(R) Management Engine Components\IPT;C:\Program Files (x86)\Intel\Intel(R) Management Engine Components\DAL;C:\Program Files (x86)\Intel\Intel(R) Management Engine Components\IPT;C:\Program Files (x86)\SAP\SAP Business One DI API\JCO\LIB\;C:\Program Files (x86)\SAP\SAP Business One\;C:\Program Files\Java\jdk1.8.0_40\bin;E:\preDriveE\adt\sdk\platform-tools;E:\ProgramFiles\TortoriseSVN\bin;E:\ProgramFiles\bin;C:\Program Files\Bandizip\7z
USERNAME=OWNER
OS=Windows_NT
PROCESSOR_IDENTIFIER=Intel64 Family 6 Model 60 Stepping 3, GenuineIntel



---------------  S Y S T E M  ---------------

OS: Windows 7 , 64 bit Build 7601 (6.1.7601.23543)

CPU:total 4 (4 cores per cpu, 1 threads per core) family 6 model 60 stepping 3, cmov, cx8, fxsr, mmx, sse, sse2, sse3, ssse3, sse4.1, sse4.2, popcnt, avx, avx2, aes, clmul, erms, rtm, lzcnt, tsc, tscinvbit, bmi1, bmi2

Memory: 4k page, physical 8054100k(134868k free), swap 10446220k(5092k free)

vm_info: Java HotSpot(TM) 64-Bit Server VM (25.40-b25) for windows-amd64 JRE (1.8.0_40-b25), built on Feb 10 2015 21:53:57 by "java_re" with MS VC++ 10.0 (VS2010)

time: Wed Nov 02 14:37:18 2016
elapsed time: 10 seconds (0d 0h 0m 10s)

