JvmtiExport can_access_local_variables 0
JvmtiExport can_hotswap_or_post_breakpoint 0
JvmtiExport can_post_on_exceptions 0
# 169 ciObject found
ciMethod java/lang/Object <init> ()V 4097 1 494024 0 0
ciMethod java/util/ArrayList size ()I 1025 1 128 0 0
ciMethod java/util/ArrayList elementData (I)Ljava/lang/Object; 1953 1 420813 0 0
ciMethod java/util/ArrayList get (I)Ljava/lang/Object; 1953 1 409048 0 144
ciMethod java/util/ArrayList rangeCheck (I)V 1953 1 419465 0 80
ciMethod java/util/ArrayList iterator ()Ljava/util/Iterator; 4097 1 61566 0 176
ciMethodData java/lang/Object <init> ()V 2 494024 orig 264 136 112 228 89 0 0 0 0 136 4 126 5 0 0 0 0 32 1 0 0 0 0 0 0 0 0 0 0 0 0 0 0 0 0 0 0 0 0 0 0 0 0 0 0 0 0 0 0 0 0 0 0 0 0 0 0 0 0 0 0 0 0 0 0 0 0 0 0 0 0 0 0 0 0 0 0 0 0 0 0 77 68 79 32 101 120 116 114 97 32 100 97 116 97 32 108 111 99 107 0 0 0 0 0 0 0 0 0 0 0 0 0 0 0 0 0 0 0 0 0 0 0 0 0 0 0 0 0 0 0 0 0 0 0 0 0 0 0 0 0 0 0 0 0 0 0 0 0 0 0 0 0 0 0 0 0 0 0 0 0 0 0 0 0 0 0 0 0 0 0 0 0 0 0 0 0 0 0 0 0 0 0 0 0 1 0 0 0 0 0 0 0 1 0 0 0 0 0 0 0 1 0 0 0 0 0 0 0 0 0 0 0 0 0 0 0 0 2 0 0 65 62 60 0 1 0 0 0 0 0 0 0 0 0 0 0 2 0 0 0 0 0 3 0 1 0 0 0 0 0 0 0 255 255 255 255 0 0 0 0 0 0 0 0 data 0 oops 0
ciMethod java/util/Iterator hasNext ()Z 0 0 1 0 -1
ciMethod java/util/Iterator next ()Ljava/lang/Object; 0 0 1 0 -1
ciMethod java/util/BitSet wordIndex (I)I 3097 1 55654 0 0
ciMethod java/util/BitSet <init> (I)V 2489 1 7573 0 272
ciMethod java/util/BitSet initWords (I)V 2489 1 7575 0 0
ciMethod java/util/BitSet set (I)V 2937 1 7548 0 -1
ciMethod java/util/BitSet clear (I)V 4097 1 7693 0 -1
ciMethod java/util/BitSet get (I)Z 1593 1 8550 0 -1
ciMethod java/util/BitSet nextSetBit (I)I 2057 1 14858 0 -1
ciMethod java/util/BitSet clone ()Ljava/lang/Object; 4097 1 7680 0 -1
ciMethodData java/util/ArrayList get (I)Ljava/lang/Object; 2 409048 orig 264 136 112 228 89 0 0 0 0 96 138 140 5 0 0 0 0 144 1 0 0 0 0 0 0 0 0 0 0 0 0 0 0 0 0 0 0 0 0 0 0 0 0 0 0 0 0 0 0 0 0 0 0 0 0 0 0 0 0 0 0 0 0 0 0 0 0 0 0 0 0 0 0 0 0 0 0 0 0 0 0 77 68 79 32 101 120 116 114 97 32 100 97 116 97 32 108 111 99 107 0 0 0 0 0 0 0 0 0 0 0 0 0 0 0 0 0 0 0 0 0 0 0 0 0 0 0 0 0 0 0 0 0 0 0 0 0 0 0 0 0 0 0 0 0 0 0 0 0 0 0 0 0 0 0 0 0 0 0 0 0 0 0 0 0 0 0 0 0 0 0 0 0 0 0 0 0 0 0 0 0 0 0 0 0 0 0 0 0 0 0 0 0 0 0 0 0 0 0 0 0 0 0 0 0 0 0 0 0 0 0 0 0 0 0 0 0 244 0 0 0 33 231 49 0 1 0 0 0 0 0 0 0 0 0 0 0 2 0 0 0 0 0 6 0 2 0 0 0 64 0 0 0 255 255 255 255 2 0 2 0 0 0 0 0 data 8 0x20002 0x63ce5 0x70005 0x0 0x78f0050 0x63cf7 0x0 0x0 oops 1 4 java/util/ArrayList
ciMethodData java/util/ArrayList rangeCheck (I)V 2 419465 orig 264 136 112 228 89 0 0 0 0 64 147 140 5 0 0 0 0 104 1 0 0 0 0 0 0 0 0 0 0 0 0 0 0 0 0 0 0 0 0 0 0 0 0 0 0 0 0 0 0 0 0 0 0 0 0 0 0 0 0 0 0 0 0 0 0 0 0 0 0 0 0 0 0 0 0 0 0 0 0 0 0 77 68 79 32 101 120 116 114 97 32 100 97 116 97 32 108 111 99 107 0 0 0 0 0 0 0 0 0 0 0 0 0 0 0 0 0 0 0 0 0 0 0 0 0 0 0 0 0 0 0 0 0 0 0 0 0 0 0 0 0 0 0 0 0 0 0 0 0 0 0 0 0 0 0 0 0 0 0 0 0 0 0 0 0 0 0 0 0 0 0 0 0 0 0 0 0 0 0 0 0 0 0 0 0 0 0 0 0 0 0 0 0 0 0 0 0 0 0 0 0 0 0 0 0 0 0 0 0 0 0 0 0 0 0 0 0 244 0 0 0 169 44 51 0 1 0 0 0 0 0 0 0 0 0 0 0 2 0 0 0 0 0 5 0 2 0 0 0 64 0 0 0 255 255 255 255 7 0 5 0 0 0 0 0 data 8 0x50007 0x6659c 0x40 0x0 0xe0002 0x0 0x110002 0x0 oops 0
ciMethodData java/util/ArrayList elementData (I)Ljava/lang/Object; 2 420813 orig 264 136 112 228 89 0 0 0 0 192 137 140 5 0 0 0 0 40 1 0 0 0 0 0 0 0 0 0 0 0 0 0 0 0 0 0 0 0 0 0 0 0 0 0 0 0 0 0 0 0 0 0 0 0 0 0 0 0 0 0 0 0 0 0 0 0 0 0 0 0 0 0 0 0 0 0 0 0 0 0 0 77 68 79 32 101 120 116 114 97 32 100 97 116 97 32 108 111 99 107 0 0 0 0 0 0 0 0 0 0 0 0 0 0 0 0 0 0 0 0 0 0 0 0 0 0 0 0 0 0 0 0 0 0 0 0 0 0 0 0 0 0 0 0 0 0 0 0 0 0 0 0 0 0 0 0 0 0 0 0 0 0 0 0 0 0 0 0 0 0 0 0 0 0 0 0 0 0 0 0 0 0 0 0 0 0 0 0 0 0 0 0 0 0 0 0 0 0 0 0 0 0 0 0 0 0 0 0 0 0 0 0 0 0 0 0 0 244 0 0 0 201 86 51 0 1 0 0 0 0 0 0 0 0 0 0 0 2 0 0 0 0 0 3 0 1 0 0 0 0 0 0 0 255 255 255 255 0 0 0 0 0 0 0 0 data 0 oops 0
ciMethod java/util/ArrayList$Itr <init> (Ljava/util/ArrayList;)V 4097 1 61566 0 0
ciMethod java/util/ArrayList$Itr <init> (Ljava/util/ArrayList;Ljava/util/ArrayList$1;)V 4097 1 61566 0 80
ciMethodData java/util/BitSet wordIndex (I)I 2 55654 orig 264 136 112 228 89 0 0 0 0 184 28 155 5 0 0 0 0 32 1 0 0 0 0 0 0 0 0 0 0 0 0 0 0 0 0 0 0 0 0 0 0 0 0 0 0 0 0 0 0 0 0 0 0 0 0 0 0 0 0 0 0 0 0 0 0 0 0 0 0 0 0 0 0 0 0 0 0 0 0 0 0 77 68 79 32 101 120 116 114 97 32 100 97 116 97 32 108 111 99 107 0 0 0 0 0 0 0 0 0 0 0 0 0 0 0 0 0 0 0 0 0 0 0 0 0 0 0 0 0 0 0 0 0 0 0 0 0 0 0 0 0 0 0 0 0 0 0 0 0 0 0 0 0 0 0 0 0 0 0 0 0 0 0 0 0 0 0 0 0 0 0 0 0 0 0 0 0 0 0 0 0 0 0 0 0 0 0 0 0 0 0 0 0 0 0 0 0 0 0 0 0 0 0 0 0 0 0 0 0 0 0 0 0 0 0 0 0 131 1 0 0 25 191 6 0 1 0 0 0 0 0 0 0 0 0 0 0 2 0 0 0 0 0 3 0 1 0 0 0 0 0 0 0 255 255 255 255 0 0 0 0 0 0 0 0 data 0 oops 0
ciMethodData java/util/BitSet initWords (I)V 2 7575 orig 264 136 112 228 89 0 0 0 0 160 32 155 5 0 0 0 0 96 1 0 0 0 0 0 0 0 0 0 0 0 0 0 0 0 0 0 0 0 0 0 0 0 0 0 0 0 0 0 0 0 0 0 0 0 0 0 0 0 0 0 0 0 0 0 0 0 0 0 0 0 0 0 0 0 0 0 0 0 0 0 0 77 68 79 32 101 120 116 114 97 32 100 97 116 97 32 108 111 99 107 0 0 0 0 0 0 0 0 0 0 0 0 0 0 0 0 0 0 0 0 0 0 0 0 0 0 0 0 0 0 0 0 0 0 0 0 0 0 0 0 0 0 0 0 0 0 0 0 0 0 0 0 0 0 0 0 0 0 0 0 0 0 0 0 0 0 0 0 0 0 0 0 0 0 0 0 0 0 0 0 0 0 0 0 0 0 0 0 0 0 0 0 0 0 0 0 0 0 0 0 0 0 0 0 0 0 0 0 0 0 0 0 0 0 0 0 0 55 1 0 0 1 227 0 0 1 0 0 0 0 0 0 0 0 0 0 0 2 0 0 0 0 0 3 0 2 0 0 0 16 0 0 0 255 255 255 255 2 0 4 0 0 0 0 0 data 2 0x40002 0x1c60 oops 0
ciMethodData java/util/BitSet <init> (I)V 2 7573 orig 264 136 112 228 89 0 0 0 0 0 32 155 5 0 0 0 0 64 2 0 0 208 0 0 0 0 0 0 0 0 0 0 0 0 0 0 0 0 0 0 0 0 0 0 0 0 0 0 0 0 0 0 0 0 0 0 0 0 0 0 0 0 0 0 0 0 0 0 0 0 0 0 0 0 0 0 0 0 0 0 0 77 68 79 32 101 120 116 114 97 32 100 97 116 97 32 108 111 99 107 0 0 0 0 0 0 0 0 0 0 0 0 0 0 0 0 0 0 0 0 0 0 0 0 0 0 0 0 0 0 0 0 0 0 0 0 0 0 0 0 0 0 0 0 0 0 0 0 0 0 0 0 0 0 0 0 0 0 0 0 0 0 0 0 0 0 0 0 0 0 0 0 0 0 0 0 0 0 0 0 0 0 0 0 0 0 0 0 0 0 0 0 0 0 0 0 0 0 0 0 0 0 0 0 0 0 0 0 0 0 0 0 0 0 0 0 0 55 1 0 0 241 226 0 0 1 0 0 0 0 0 0 0 0 0 0 0 2 0 0 0 0 0 5 0 2 0 0 0 240 0 0 0 255 255 255 255 2 0 1 0 0 0 0 0 data 30 0x10002 0x1c5e 0xf0007 0x1c5e 0xd0 0x0 0x1a0002 0x0 0x1f0005 0x0 0x0 0x0 0x0 0x0 0x230005 0x0 0x0 0x0 0x0 0x0 0x260005 0x0 0x0 0x0 0x0 0x0 0x290002 0x0 0x2f0002 0x1c60 oops 0
ciMethodData java/util/ArrayList iterator ()Ljava/util/Iterator; 2 61566 orig 264 136 112 228 89 0 0 0 0 104 155 140 5 0 0 0 0 48 1 0 0 0 0 0 0 0 0 0 0 0 0 0 0 0 0 0 0 0 0 0 0 0 0 0 0 0 0 0 0 0 0 0 0 0 0 0 0 0 0 0 0 0 0 0 0 0 0 0 0 0 0 0 0 0 0 0 0 0 0 0 0 77 68 79 32 101 120 116 114 97 32 100 97 116 97 32 108 111 99 107 0 0 0 0 0 0 0 0 0 0 0 0 0 0 0 0 0 0 0 0 0 0 0 0 0 0 0 0 0 0 0 0 0 0 0 0 0 0 0 0 0 0 0 0 0 0 0 0 0 0 0 0 0 0 0 0 0 0 0 0 0 0 0 0 0 0 0 0 0 0 0 0 0 0 0 0 0 0 0 0 0 0 0 0 0 0 0 0 0 0 0 0 0 0 0 0 0 0 0 0 0 0 0 0 0 0 0 0 0 0 0 0 0 0 0 0 0 0 2 0 0 241 115 7 0 1 0 0 0 0 0 0 0 0 0 0 0 2 0 0 0 0 0 3 0 2 0 0 0 16 0 0 0 255 255 255 255 2 0 6 0 0 0 0 0 data 2 0x60002 0xee7a oops 0
ciMethodData java/util/ArrayList$Itr <init> (Ljava/util/ArrayList;Ljava/util/ArrayList$1;)V 2 61566 orig 264 136 112 228 89 0 0 0 0 72 47 172 5 0 0 0 0 64 1 0 0 0 0 0 0 0 0 0 0 0 0 0 0 0 0 0 0 0 0 0 0 0 0 0 0 0 0 0 0 0 0 0 0 0 0 0 0 0 0 0 0 0 0 0 0 0 0 0 0 0 0 0 0 0 0 0 0 0 0 0 0 77 68 79 32 101 120 116 114 97 32 100 97 116 97 32 108 111 99 107 0 0 0 0 0 0 0 0 0 0 0 0 0 0 0 0 0 0 0 0 0 0 0 0 0 0 0 0 0 0 0 0 0 0 0 0 0 0 0 0 0 0 0 0 0 0 0 0 0 0 0 0 0 0 0 0 0 0 0 0 0 0 0 0 0 0 0 0 0 0 0 0 0 0 0 0 0 0 0 0 0 0 0 0 0 1 0 0 0 0 0 0 0 4 0 0 0 0 0 0 0 5 0 0 0 0 0 0 0 0 0 0 0 0 0 0 0 0 2 0 0 241 115 7 0 1 0 0 0 0 0 0 0 0 0 0 0 2 0 0 0 0 0 3 0 2 0 0 0 16 0 0 0 255 255 255 255 2 0 2 0 0 0 0 0 data 2 0x20002 0xee7e oops 0
ciMethodData java/util/ArrayList$Itr <init> (Ljava/util/ArrayList;)V 2 61566 orig 264 136 112 228 89 0 0 0 0 152 42 172 5 0 0 0 0 56 1 0 0 0 0 0 0 0 0 0 0 0 0 0 0 0 0 0 0 0 0 0 0 0 0 0 0 0 0 0 0 0 0 0 0 0 0 0 0 0 0 0 0 0 0 0 0 0 0 0 0 0 0 0 0 0 0 0 0 0 0 0 0 77 68 79 32 101 120 116 114 97 32 100 97 116 97 32 108 111 99 107 0 0 0 0 0 0 0 0 0 0 0 0 0 0 0 0 0 0 0 0 0 0 0 0 0 0 0 0 0 0 0 0 0 0 0 0 0 0 0 0 0 0 0 0 0 0 0 0 0 0 0 0 0 0 0 0 0 0 0 0 0 0 0 0 0 0 0 0 0 0 0 0 0 0 0 0 0 0 0 0 0 0 0 0 0 1 0 0 0 0 0 0 0 0 0 0 0 0 0 0 0 1 0 0 0 0 0 0 0 0 0 0 0 0 0 0 0 0 2 0 0 241 115 7 0 1 0 0 0 0 0 0 0 0 0 0 0 2 0 0 0 0 0 0 0 0 0 0 0 16 0 0 0 255 255 255 255 2 0 6 0 0 0 0 0 data 2 0x60002 0xee7e oops 0
ciMethod com/android/dx/rop/code/RegisterSpec getReg ()I 4713 1 589 0 -1
ciMethod com/android/dx/ssa/SsaConverter placePhiFunctions (Lcom/android/dx/ssa/SsaMethod;Lcom/android/dx/ssa/LocalVariableInfo;I)V 1617 155649 933 0 -1
ciMethod com/android/dx/ssa/SsaMethod getRegCount ()I 1033 1 129 0 -1
ciMethod com/android/dx/ssa/SsaMethod getBlocks ()Ljava/util/ArrayList; 1777 1 222 0 -1
ciMethod com/android/dx/ssa/SsaInsn getResult ()Lcom/android/dx/rop/code/RegisterSpec; 1425 1 178 0 -1
ciMethod com/android/dx/ssa/SsaBasicBlock addPhiInsnForReg (I)V 4097 1 1976 0 -1
ciMethod com/android/dx/ssa/SsaBasicBlock addPhiInsnForReg (Lcom/android/dx/rop/code/RegisterSpec;)V 257 1 81 0 -1
ciMethod com/android/dx/ssa/SsaBasicBlock getInsns ()Ljava/util/ArrayList; 1969 1 246 0 0
ciMethod com/android/dx/ssa/LocalVariableInfo getStarts (I)Lcom/android/dx/rop/code/RegisterSpecSet; 4097 1 2057 0 -1
ciMethod com/android/dx/rop/code/RegisterSpecSet get (I)Lcom/android/dx/rop/code/RegisterSpec; 4097 1 11931 0 -1
ciMethod com/android/dx/ssa/DomFront <init> (Lcom/android/dx/ssa/SsaMethod;)V 1649 31641 933 0 -1
ciMethod com/android/dx/ssa/DomFront run ()[Lcom/android/dx/ssa/DomFront$DomInfo; 1649 31641 933 0 -1
ciMethod com/android/dx/util/IntSet iterator ()Lcom/android/dx/util/IntIterator; 0 0 1 0 -1
ciMethod com/android/dx/util/IntIterator hasNext ()Z 0 0 1 0 -1
ciMethod com/android/dx/util/IntIterator next ()I 0 0 1 0 -1
ciMethodData com/android/dx/ssa/SsaConverter placePhiFunctions (Lcom/android/dx/ssa/SsaMethod;Lcom/android/dx/ssa/LocalVariableInfo;I)V 2 68608 orig 264 136 112 228 89 0 0 0 0 48 255 205 5 0 0 0 0 176 10 0 0 96 4 0 0 0 0 0 0 0 0 0 0 0 0 0 0 0 0 0 0 0 0 0 0 0 0 0 0 0 0 0 0 0 0 0 0 0 0 0 0 0 0 0 0 0 0 0 0 0 0 0 0 0 0 0 0 0 0 0 0 77 68 79 32 101 120 116 114 97 32 100 97 116 97 32 108 111 99 107 0 0 0 0 0 0 0 0 0 0 0 0 0 0 0 0 0 0 0 0 0 0 0 0 0 0 0 0 0 0 0 0 0 0 0 0 0 0 0 0 0 0 0 0 0 0 0 0 0 0 0 0 0 0 0 0 0 0 0 0 0 0 0 0 0 0 0 0 0 0 0 0 0 0 0 0 0 0 0 0 0 0 0 0 0 0 0 0 0 0 0 0 0 0 0 0 0 0 0 0 0 0 0 0 0 0 0 0 0 0 0 0 0 0 0 0 0 0 76 0 0 217 22 0 0 1 0 6 0 0 0 0 0 0 0 0 0 2 0 0 0 6 0 60 0 2 0 0 0 88 9 0 0 255 255 255 255 5 0 1 0 0 0 0 0 data 299 0x10005 0x4 0x78ef3b0 0x2d7 0x0 0x0 0x60005 0x0 0x78f0050 0x2db 0x0 0x0 0xc0005 0x4 0x78ef3b0 0x2d7 0x0 0x0 0x180002 0x2db 0x1f0005 0x0 0x78f0100 0x2db 0x0 0x0 0x390007 0x2da 0xb8 0xd42 0x460002 0xd42 0x490004 0x0 0x78f01b0 0xd42 0x0 0x0 0x540002 0xd42 0x570004 0x0 0x78f01b0 0xd42 0x0 0x0 0x5b0003 0xd41 0xffffffffffffff60 0x620005 0x0 0x78f0050 0x2da 0x0 0x0 0x6b0007 0x2da 0x2c0 0x2560 0x710005 0x0 0x78f0050 0x2560 0x0 0x0 0x740004 0x0 0x78f0260 0x2560 0x0 0x0 0x7b0005 0xaf 0x78f0260 0x24b1 0x0 0x0 0x7e0005 0x0 0x78f0050 0x2560 0x0 0x0 0x850005 0x0 0x78f0310 0x6b8e 0x0 0x0 0x8a0007 0x2560 0x198 0x462e 0x8f0005 0x0 0x78f0310 0x462e 0x0 0x0 0x940004 0x0 0x78f03c0 0x462e 0x0 0x0 0x9b0005 0x0 0x78f03c0 0x462e 0x0 0x0 0xa20007 0x2560 0xd0 0x20ce 0xa70005 0xa8 0x78f0470 0x2026 0x0 0x0 0xac0007 0x0 0x80 0x20ce 0xb30005 0xa8 0x78f0470 0x2026 0x0 0x0 0xbb0005 0x0 0x78f01b0 0x20ce 0x0 0x0 0xbe0003 0x462e 0xfffffffffffffe50 0xc40003 0x2560 0xfffffffffffffd58 0xd20007 0x2da 0x4e0 0xd3d 0xda0005 0x0 0x78f01b0 0xd3d 0x0 0x0 0xdd0004 0x0 0x78f01b0 0xd3d 0x0 0x0 0xe00004 0x0 0x78f01b0 0x24 0x0 0x0 0xe90005 0x0 0x78f01b0 0x325c 0x0 0x0 0xef0007 0xd3d 0x3e8 0x251f 0xf60005 0x0 0x78f01b0 0x251f 0x0 0x0 0x1010005 0x0 0x78f0520 0x251f 0x0 0x0 0x10a0005 0x0 0x78f05d0 0x372e 0x0 0x0 0x10f0007 0x251f 0x320 0x120f 0x1140005 0x0 0x78f05d0 0x120f 0x0 0x0 0x1220005 0x0 0x78f01b0 0x120f 0x0 0x0 0x1250007 0xce3 0x288 0x52c 0x12f0005 0x0 0x78f01b0 0x52c 0x0 0x0 0x13b0005 0x0 0x78ef480 0x52c 0x0 0x0 0x1400005 0xf 0x78f0680 0x51d 0x0 0x0 0x1470007 0x31 0xc8 0x4fb 0x14d0005 0x0 0x78f0050 0x4fb 0x0 0x0 0x1500004 0x0 0x78f0260 0x4fb 0x0 0x0 0x1550005 0xf 0x78f0260 0x4ec 0x0 0x0 0x1580003 0x4fb 0xa8 0x15e0005 0x0 0x78f0050 0x31 0x0 0x0 0x1610004 0x0 0x78f0260 0x31 0x0 0x0 0x1660005 0x0 0x78f0260 0x31 0x0 0x0 0x1700005 0x0 0x78f01b0 0x52c 0x0 0x0 0x1730007 0x76 0x50 0x4b6 0x17a0005 0x0 0x78f01b0 0x4b6 0x0 0x0 0x17d0003 0x120f 0xfffffffffffffcc8 0x1800003 0x251f 0xfffffffffffffc00 0x1860003 0xd3d 0xfffffffffffffb38 oops 38 2 com/android/dx/ssa/SsaMethod 8 java/util/ArrayList 14 com/android/dx/ssa/SsaMethod 22 com/android/dx/ssa/DomFront 34 java/util/BitSet 42 java/util/BitSet 51 java/util/ArrayList 61 java/util/ArrayList 67 com/android/dx/ssa/SsaBasicBlock 73 com/android/dx/ssa/SsaBasicBlock 79 java/util/ArrayList 85 java/util/ArrayList$Itr 95 java/util/ArrayList$Itr 101 com/android/dx/ssa/NormalSsaInsn 107 com/android/dx/ssa/NormalSsaInsn 117 com/android/dx/rop/code/RegisterSpec 127 com/android/dx/rop/code/RegisterSpec 133 java/util/BitSet 149 java/util/BitSet 155 java/util/BitSet 161 java/util/BitSet 167 java/util/BitSet 177 java/util/BitSet 183 com/android/dx/util/BitIntSet 189 com/android/dx/util/BitIntSet$1 199 com/android/dx/util/BitIntSet$1 205 java/util/BitSet 215 java/util/BitSet 221 com/android/dx/ssa/LocalVariableInfo 227 com/android/dx/rop/code/RegisterSpecSet 237 java/util/ArrayList 243 com/android/dx/ssa/SsaBasicBlock 249 com/android/dx/ssa/SsaBasicBlock 258 java/util/ArrayList 264 com/android/dx/ssa/SsaBasicBlock 270 com/android/dx/ssa/SsaBasicBlock 276 java/util/BitSet 286 java/util/BitSet
instanceKlass com/android/dx/rop/code/RegOps
instanceKlass com/android/dx/rop/code/RegisterSpec$1
instanceKlass com/android/dx/dex/file/ParameterAnnotationStruct
instanceKlass com/android/dx/cf/direct/AnnotationParser
instanceKlass java/util/DualPivotQuicksort
instanceKlass com/android/dx/dex/file/MethodAnnotationStruct
instanceKlass java/util/ArrayList$1
instanceKlass com/android/dx/cf/code/Ropper$ExceptionHandlerSetup
instanceKlass com/android/dx/ssa/back/FirstFitLocalCombiningAllocator$Multiset
instanceKlass com/android/dx/ssa/PhiInsn$Operand
instanceKlass com/android/dx/dex/code/DalvCode
instanceKlass com/android/dx/dex/code/StdCatchBuilder
instanceKlass com/android/dx/dex/code/RopToDop
instanceKlass com/android/dx/dex/code/OutputFinisher
instanceKlass com/android/dx/dex/code/OutputCollector
instanceKlass com/android/dx/rop/code/Insn$BaseVisitor
instanceKlass com/android/dx/io/Opcodes
instanceKlass com/android/dx/dex/code/InsnFormat
instanceKlass com/android/dx/dex/code/Dop
instanceKlass com/android/dx/dex/code/Dops
instanceKlass com/android/dx/dex/code/BlockAddresses
instanceKlass com/android/dx/dex/code/CatchBuilder
instanceKlass com/android/dx/dex/code/DalvInsn
instanceKlass com/android/dx/dex/code/RopTranslator$TranslationVisitor
instanceKlass com/android/dx/dex/code/RopTranslator
instanceKlass com/android/dx/rop/code/LocalVariableExtractor
instanceKlass com/android/dx/ssa/back/IdenticalBlockCombiner
instanceKlass com/android/dx/ssa/back/SsaToRop$1
instanceKlass com/android/dx/ssa/back/SsaToRop$PhiVisitor
instanceKlass com/android/dx/ssa/back/FirstFitLocalCombiningAllocator$1
instanceKlass com/android/dx/ssa/back/LivenessAnalyzer$1
instanceKlass com/android/dx/ssa/back/InterferenceGraph
instanceKlass com/android/dx/ssa/back/LivenessAnalyzer
instanceKlass com/android/dx/ssa/back/RegisterAllocator
instanceKlass com/android/dx/ssa/back/SsaToRop
instanceKlass com/android/dx/ssa/PhiTypeResolver
instanceKlass com/android/dx/ssa/ConstCollector$1
instanceKlass java/util/HashMap$HashIterator
instanceKlass com/android/dx/ssa/ConstCollector
instanceKlass com/android/dx/ssa/SsaMethod$1
instanceKlass com/android/dx/ssa/LiteralOpUpgrader$1
instanceKlass com/android/dx/ssa/LiteralOpUpgrader
instanceKlass com/android/dx/ssa/DeadCodeRemover$NoSideEffectVisitor
instanceKlass com/android/dx/ssa/DeadCodeRemover
instanceKlass com/android/dx/ssa/SsaMethod$2
instanceKlass com/android/dx/ssa/SCCP
instanceKlass com/android/dx/ssa/MoveParamCombiner$1
instanceKlass com/android/dx/ssa/MoveParamCombiner
instanceKlass com/android/dx/ssa/SsaRenamer$BlockRenamer$1
instanceKlass com/android/dx/ssa/PhiInsn$Visitor
instanceKlass com/android/dx/ssa/RegisterMapper
instanceKlass com/android/dx/ssa/SsaRenamer$BlockRenamer
instanceKlass com/android/dx/ssa/SsaRenamer$1
instanceKlass com/android/dx/ssa/SsaRenamer
instanceKlass com/android/dx/util/BitIntSet$1
instanceKlass com/android/dx/util/IntIterator
instanceKlass com/android/dx/util/BitIntSet
instanceKlass com/android/dx/util/IntSet
instanceKlass com/android/dx/ssa/SetFactory
instanceKlass com/android/dx/ssa/Dominators$DfsWalker
instanceKlass com/android/dx/ssa/Dominators$DFSInfo
instanceKlass com/android/dx/ssa/SsaBasicBlock$Visitor
instanceKlass com/android/dx/ssa/Dominators
instanceKlass com/android/dx/ssa/DomFront$DomInfo
instanceKlass com/android/dx/ssa/DomFront
instanceKlass com/android/dx/ssa/LocalVariableExtractor
instanceKlass com/android/dx/ssa/SsaBasicBlock$LabelComparator
instanceKlass com/android/dx/ssa/SsaBasicBlock
instanceKlass com/android/dx/rop/code/BasicBlockList$RegCountVisitor
instanceKlass com/android/dx/dex/file/FieldAnnotationStruct
instanceKlass com/android/dx/ssa/SsaInsn
instanceKlass com/android/dx/ssa/SsaInsn$Visitor
instanceKlass com/android/dx/ssa/SsaMethod
instanceKlass com/android/dx/ssa/SsaConverter
instanceKlass java/lang/Class$4
instanceKlass com/android/dx/ssa/Optimizer
instanceKlass com/android/dx/rop/code/RopMethod
instanceKlass com/android/dx/rop/code/Insn$Visitor
instanceKlass com/android/dx/cf/code/Merger
instanceKlass com/android/dx/dex/file/ValueEncoder
instanceKlass com/android/dx/dex/file/AnnotationItem$TypeIdSorter
instanceKlass com/android/dx/rop/code/BasicBlock
instanceKlass java/util/Collections$UnmodifiableCollection$1
instanceKlass com/android/dx/rop/code/Exceptions
instanceKlass com/android/dx/rop/code/Rop
instanceKlass com/android/dx/rop/code/Rops
instanceKlass com/android/dx/rop/code/RegisterSpec$ForComparison
instanceKlass com/android/dx/rop/code/RegisterSpec
instanceKlass com/android/dx/rop/code/LocalItem
instanceKlass com/android/dx/rop/code/SourcePosition
instanceKlass com/android/dx/cf/code/Ropper$LabelAllocator
instanceKlass java/util/TreeMap$PrivateEntryIterator
instanceKlass com/android/dx/rop/annotation/NameValuePair
instanceKlass com/android/dx/cf/code/Ropper$CatchInfo
instanceKlass com/android/dx/cf/code/Ropper$Subroutine
instanceKlass com/android/dx/cf/code/Frame
instanceKlass com/android/dx/cf/code/Simulator$SimVisitor
instanceKlass com/android/dx/cf/code/Simulator
instanceKlass com/android/dx/cf/code/BaseMachine
instanceKlass com/android/dx/dex/file/AnnotationUtils
instanceKlass com/android/dx/cf/code/ByteBlock
instanceKlass com/android/dx/util/LabeledItem
instanceKlass com/android/dx/cf/code/ByteCatchList$Item
instanceKlass com/android/dx/cf/attrib/InnerClassList$Item
