JvmtiExport can_access_local_variables 0
JvmtiExport can_hotswap_or_post_breakpoint 0
JvmtiExport can_post_on_exceptions 0
# 106 ciObject found
ciMethod com/android/dx/cf/code/Simulator$SimVisitor visitNoArgs (IIILcom/android/dx/rop/type/Type;)V 4097 1 5633 0 -1
ciMethodData com/android/dx/cf/code/Simulator$SimVisitor visitNoArgs (IIILcom/android/dx/rop/type/Type;)V 2 5633 orig 264 136 112 228 89 0 0 0 0 176 142 230 5 0 0 0 0 144 42 0 0 120 40 0 0 0 0 0 0 0 0 0 0 0 0 0 0 0 0 0 0 0 0 0 0 0 0 0 0 0 0 0 0 0 0 0 0 0 0 0 0 0 0 0 0 0 0 0 0 0 0 0 0 0 0 0 0 0 0 0 0 77 68 79 32 101 120 116 114 97 32 100 97 116 97 32 108 111 99 107 0 0 0 0 0 0 0 0 0 0 0 0 0 0 0 0 0 0 0 0 0 0 0 0 0 0 0 0 0 0 0 0 0 0 0 0 0 0 0 0 0 0 0 0 0 0 0 0 0 0 0 0 0 0 0 0 0 0 0 0 0 0 0 0 0 0 0 0 0 0 0 0 0 0 0 0 0 0 0 0 0 0 0 0 0 0 0 0 0 0 0 0 0 0 0 0 0 0 0 0 0 0 0 0 0 0 0 0 0 0 0 0 0 0 0 0 0 0 2 0 0 9 160 0 0 1 0 0 0 0 0 0 0 0 0 0 0 2 0 0 0 0 0 116 0 2 0 0 0 8 41 0 0 255 255 255 255 8 0 1 0 0 0 0 0 data 1313 0x10008 0x18a 0x0 0x2878 0x0 0xc60 0x0 0x2878 0x0 0x2878 0x0 0x2878 0x0 0x2878 0x0 0x2878 0x0 0x2878 0x0 0x2878 0x0 0x2878 0x0 0x2878 0x0 0x2878 0x0 0x2878 0x0 0x2878 0x0 0x2878 0x0 0x2878 0x0 0x2878 0x0 0x2878 0x0 0x2878 0x0 0x2878 0x0 0x2878 0x0 0x2878 0x0 0x2878 0x0 0x2878 0x0 0x2878 0x0 0x2878 0x0 0x2878 0x0 0x2878 0x0 0x2878 0x0 0x2878 0x0 0x2878 0x0 0x2878 0x0 0x2878 0x0 0x2878 0x0 0x2878 0x0 0x2878 0x0 0x2878 0x0 0x2878 0x0 0x2878 0x0 0x2878 0x0 0x2878 0x0 0x2878 0x0 0x2878 0x0 0x2878 0x0 0x2878 0x0 0x2878 0x0 0x2878 0x0 0x1268 0x0 0x2878 0x0 0x2878 0x0 0x2878 0x0 0x2878 0x0 0x2878 0x0 0x2878 0x0 0x2878 0x0 0x2878 0x0 0x2878 0x0 0x2878 0x0 0x2878 0x0 0x2878 0x0 0x2878 0x0 0x2878 0x0 0x2878 0x0 0x2878 0x0 0x2878 0x0 0x2878 0x0 0x2878 0x0 0x2878 0x0 0x2878 0x0 0x2878 0x0 0x2878 0x0 0x2878 0x0 0x2878 0x0 0x2878 0x0 0x2878 0x0 0x2878 0x0 0x2878 0x0 0x2878 0x0 0x2878 0x0 0x2878 0x0 0x14b8 0x0 0x2878 0x0 0x2878 0x0 0x2878 0x0 0x2878 0x0 0x2878 0x0 0x2878 0x0 0x2878 0x0 0xf40 0x0 0x1658 0x0 0x1890 0x0 0x19c8 0x0 0x1b80 0x0 0x1658 0x0 0x1e40 0x0 0x2180 0x0 0x26c0 0x0 0x1350 0x0 0x2878 0x0 0x2878 0x0 0x2878 0x0 0x1350 0x0 0x2878 0x0 0x2878 0x0 0x2878 0x0 0x1350 0x0 0x2878 0x0 0x2878 0x0 0x2878 0x0 0x1350 0x0 0x2878 0x0 0x2878 0x0 0x2878 0x0 0x1350 0x0 0x2878 0x0 0x2878 0x0 0x2878 0x0 0xca8 0x0 0x2878 0x0 0x2878 0x0 0x2878 0x0 0x1398 0x0 0x2878 0x0 0x1398 0x0 0x2878 0x0 0x1398 0x0 0x2878 0x0 0x1350 0x0 0x2878 0x0 0x1350 0x0 0x2878 0x0 0x1350 0x0 0x2878 0x0 0x2878 0x0 0xcf0 0x0 0xcf0 0x0 0xcf0 0x0 0xd38 0x0 0xd38 0x0 0xd38 0x0 0xd80 0x0 0xd80 0x0 0xd80 0x0 0xdc8 0x0 0xdc8 0x0 0xdc8 0x0 0xcf0 0x0 0xcf0 0x0 0xcf0 0x0 0x13e0 0x0 0x1428 0x0 0x1428 0x0 0x1470 0x0 0x1470 0x0 0x2878 0x0 0x2878 0x0 0x2878 0x0 0x2878 0x0 0x2878 0x0 0x2878 0x0 0x2878 0x0 0x2878 0x0 0x2878 0x0 0x2878 0x0 0x2878 0x0 0x2878 0x0 0x2878 0x0 0x2878 0x0 0x2878 0x0 0x2878 0x0 0x2878 0x0 0x2878 0x0 0x2878 0x8 0xe68 0x0 0x2878 0x0 0x2878 0x0 0x2878 0x0 0x2878 0x2 0xe10 0x0 0x2878 0x0 0x2878 0x0 0x2878 0x0 0x2878 0x0 0x2878 0x0 0x2878 0x0 0x2878 0x0 0x2878 0x0 0x2878 0x0 0x2878 0x0 0x2878 0x0 0x2878 0x0 0x1048 0x0 0x1220 0x0 0x2878 0x0 0x2878 0x0 0x1220 0x0 0x1220 0x3240005 0x0 0x0 0x0 0x0 0x0 0x3290003 0x0 0x1c18 0x3360005 0x0 0x7a1a790 0x14 0x0 0x0 0x33b0003 0x14 0x1bd0 0x3490005 0x0 0x7a1a790 0x3c 0x0 0x0 0x34e0003 0x3c 0x1b88 0x35c0005 0x0 0x7a1a790 0x5 0x0 0x0 0x3610003 0x5 0x1b40 0x36f0005 0x0 0x7a1a790 0x32 0x0 0x0 0x3740003 0x32 0x1af8 0x3820005 0x0 0x7a1a790 0x6 0x0 0x0 0x3870003 0x6 0x1ab0 0x38e0005 0x0 0x7a1a790 0x562 0x0 0x0 0x3970002 0x562 0x39a0003 0x562 0x1a58 0x3a60007 0x2e1 0x80 0x291 0x3ad0005 0x0 0x7a1a840 0x291 0x0 0x0 0x3b10005 0x0 0x7a1a8f0 0x291 0x0 0x0 0x3c00005 0x0 0x7a1a790 0x572 0x0 0x0 0x3c80002 0x572 0x3cb0003 0x572 0x1980 0x3d20005 0x0 0x7a1a840 0x190 0x0 0x0 0x3d60005 0x0 0x7a1a8f0 0x190 0x0 0x0 0x3dd0005 0x0 0x7a17be0 0x190 0x0 0x0 0x3e00007 0x190 0x30 0x0 0x3e30002 0x0 0x3f00005 0x0 0x7a1a790 0x190 0x0 0x0 0x3f50003 0x190 0x1878 0x3fc0005 0x0 0x7a1a840 0xb 0x0 0x0 0x4000005 0x0 0x7a1a8f0 0xb 0x0 0x0 0x4070005 0x0 0x7a17be0 0xb 0x0 0x0 0x40a0007 0xb 0x100 0x0 0x4150002 0x0 0x41a0005 0x0 0x0 0x0 0x0 0x0 0x41f0005 0x0 0x0 0x0 0x0 0x0 0x4220005 0x0 0x0 0x0 0x0 0x0 0x4250005 0x0 0x0 0x0 0x0 0x0 0x4280002 0x0 0x4370005 0x0 0x7a1a790 0xb 0x0 0x0 0x43c0003 0xb 0x16a0 0x44a0005 0x0 0x7a1a790 0x8d 0x0 0x0 0x44f0003 0x8d 0x1658 0x4560005 0x0 0x7a1a840 0x3f 0x0 0x0 0x45a0005 0x0 0x7a1a8f0 0x3f 0x0 0x0 0x4630002 0x3f 0x46a0005 0x0 0x7a17be0 0x3f 0x0 0x0 0x47c0005 0x0 0x7a1a790 0x3f 0x0 0x0 0x4810003 0x3f 0x1570 0x4900005 0x0 0x7a1a790 0x2d0 0x0 0x0 0x4950003 0x2d0 0x1528 0x4a50005 0x0 0x7a1a790 0x11 0x0 0x0 0x4aa0003 0x11 0x14e0 0x4bb0005 0x0 0x7a1a790 0x10 0x0 0x0 0x4c00003 0x10 0x1498 0x4d10005 0x0 0x7a1a790 0x1c 0x0 0x0 0x4d60003 0x1c 0x1450 0x4e70005 0x0 0x7a1a790 0x2 0x0 0x0 0x4ec0003 0x2 0x1408 0x4f30005 0x0 0x7a1a840 0xaf 0x0 0x0 0x4fa0005 0x0 0x7a17be0 0xaf 0x0 0x0 0x4fd0007 0x0 0x38 0xaf 0x5010003 0xaf 0x18 0x50b0005 0x0 0x7a1a8f0 0xaf 0x0 0x0 0x5140005 0x0 0x7a1a8f0 0xaf 0x0 0x0 0x51d0002 0xaf 0x5240007 0x65 0x50 0x4a 0x5290005 0x0 0x7a17be0 0x4a 0x0 0x0 0x53d0005 0x0 0x7a1a790 0xaf 0x0 0x0 0x5420003 0xaf 0x1268 0x5490005 0x0 0x0 0x0 0x0 0x0 0x5510005 0x0 0x0 0x0 0x0 0x0 0x5540005 0x0 0x0 0x0 0x0 0x0 0x5570007 0x0 0x68 0x0 0x5630005 0x0 0x0 0x0 0x0 0x0 0x56c0003 0x0 0xf0 0x5720005 0x0 0x0 0x0 0x0 0x0 0x5750005 0x0 0x0 0x0 0x0 0x0 0x5780007 0x0 0x68 0x0 0x5840005 0x0 0x0 0x0 0x0 0x0 0x58e0003 0x0 0x28 0x5910002 0x0 0x5980007 0x0 0x1080 0x0 0x5a10005 0x0 0x0 0x0 0x0 0x0 0x5a60003 0x0 0x1030 0x5ad0005 0x0 0x7a1a840 0x25d 0x0 0x0 0x5b10005 0x0 0x7a1a8f0 0x25d 0x0 0x0 0x5b80005 0x0 0x7a17be0 0x25d 0x0 0x0 0x5bb0007 0x25d 0x30 0x0 0x5be0002 0x0 0x5cb0005 0x0 0x7a1a790 0x25d 0x0 0x0 0x5d60005 0x0 0x7a1a790 0x25d 0x0 0x0 0x5db0003 0x25d 0xef8 0x5e20005 0x0 0x7a1a840 0x12 0x0 0x0 0x5ea0005 0x0 0x7a1a8f0 0x12 0x0 0x0 0x5ed0005 0x0 0x7a17be0 0x12 0x0 0x0 0x5f00007 0x0 0xa0 0x12 0x5f60005 0x0 0x7a1a8f0 0x12 0x0 0x0 0x5f90005 0x0 0x7a17be0 0x12 0x0 0x0 0x5fc0007 0x12 0x30 0x0 0x5ff0002 0x0 0x60c0005 0x0 0x7a1a790 0x12 0x0 0x0 0x6180005 0x0 0x7a1a790 0x12 0x0 0x0 0x61d0003 0x12 0xd40 0x6240005 0x0 0x7a1a840 0xc 0x0 0x0 0x62c0005 0x0 0x7a1a8f0 0xc 0x0 0x0 0x62f0005 0x0 0x7a17be0 0xc 0x0 0x0 0x6320007 0xc 0x30 0x0 0x6350002 0x0 0x63c0005 0x0 0x7a1a8f0 0xc 0x0 0x0 0x63f0005 0x0 0x7a17be0 0xc 0x0 0x0 0x6420007 0xc 0x98 0x0 0x64e0005 0x0 0x0 0x0 0x0 0x0 0x65a0005 0x0 0x0 0x0 0x0 0x0 0x65f0003 0x0 0xb88 0x6650005 0x0 0x7a1a8f0 0xc 0x0 0x0 0x6680005 0x0 0x7a17be0 0xc 0x0 0x0 0x66b0007 0x0 0x98 0xc 0x6770005 0x0 0x7a1a790 0xc 0x0 0x0 0x6830005 0x0 0x7a1a790 0xc 0x0 0x0 0x6880003 0xc 0xa90 0x68b0002 0x0 0x6930005 0x0 0x0 0x0 0x0 0x0 0x69b0005 0x0 0x0 0x0 0x0 0x0 0x69e0005 0x0 0x0 0x0 0x0 0x0 0x6a10007 0x0 0x128 0x0 0x6a70005 0x0 0x0 0x0 0x0 0x0 0x6aa0005 0x0 0x0 0x0 0x0 0x0 0x6ad0007 0x0 0x30 0x0 0x6b00002 0x0 0x6bd0005 0x0 0x0 0x0 0x0 0x0 0x6c90005 0x0 0x0 0x0 0x0 0x0 0x6ce0003 0x0 0x8c8 0x6d40005 0x0 0x0 0x0 0x0 0x0 0x6d70005 0x0 0x0 0x0 0x0 0x0 0x6da0007 0x0 0xa0 0x0 0x6e00005 0x0 0x0 0x0 0x0 0x0 0x6e30005 0x0 0x0 0x0 0x0 0x0 0x6e60007 0x0 0x30 0x0 0x6e90002 0x0 0x6f60005 0x0 0x0 0x0 0x0 0x0 0x7010005 0x0 0x0 0x0 0x0 0x0 0x7060003 0x0 0x740 0x70d0005 0x0 0x0 0x0 0x0 0x0 0x7150005 0x0 0x0 0x0 0x0 0x0 0x7180005 0x0 0x0 0x0 0x0 0x0 0x71b0007 0x0 0x220 0x0 0x7210005 0x0 0x0 0x0 0x0 0x0 0x7240005 0x0 0x0 0x0 0x0 0x0 0x7270007 0x0 0x98 0x0 0x7330005 0x0 0x0 0x0 0x0 0x0 0x73f0005 0x0 0x0 0x0 0x0 0x0 0x7440003 0x0 0x598 0x74a0005 0x0 0x0 0x0 0x0 0x0 0x74d0005 0x0 0x0 0x0 0x0 0x0 0x7500007 0x0 0x98 0x0 0x75c0005 0x0 0x0 0x0 0x0 0x0 0x7680005 0x0 0x0 0x0 0x0 0x0 0x76d0003 0x0 0x4a0 0x7700002 0x0 0x7770005 0x0 0x0 0x0 0x0 0x0 0x77a0005 0x0 0x0 0x0 0x0 0x0 0x77d0007 0x0 0x220 0x0 0x7830005 0x0 0x0 0x0 0x0 0x0 0x7860005 0x0 0x0 0x0 0x0 0x0 0x7890007 0x0 0x98 0x0 0x7950005 0x0 0x0 0x0 0x0 0x0 0x7a00005 0x0 0x0 0x0 0x0 0x0 0x7a50003 0x0 0x318 0x7ab0005 0x0 0x0 0x0 0x0 0x0 0x7ae0005 0x0 0x0 0x0 0x0 0x0 0x7b10007 0x0 0x98 0x0 0x7bd0005 0x0 0x0 0x0 0x0 0x0 0x7c80005 0x0 0x0 0x0 0x0 0x0 0x7cd0003 0x0 0x220 0x7d00002 0x0 0x7d40002 0x0 0x7dc0005 0x0 0x0 0x0 0x0 0x0 0x7e40005 0x0 0x0 0x0 0x0 0x0 0x7e70005 0x0 0x0 0x0 0x0 0x0 0x7ea0007 0x0 0xa0 0x0 0x7f00005 0x0 0x0 0x0 0x0 0x0 0x7f30005 0x0 0x0 0x0 0x0 0x0 0x7f60007 0x0 0x30 0x0 0x7f90002 0x0 0x8060005 0x0 0x0 0x0 0x0 0x0 0x8110005 0x0 0x0 0x0 0x0 0x0 0x8160003 0x0 0x48 0x81d0005 0x0 0x0 0x0 0x0 0x0 0x8270005 0x0 0x7a1a790 0x1401 0x0 0x0 0x8360005 0x0 0x7a1a790 0x1401 0x0 0x0 oops 56 407 com/android/dx/cf/code/RopperMachine 416 com/android/dx/cf/code/RopperMachine 425 com/android/dx/cf/code/RopperMachine 434 com/android/dx/cf/code/RopperMachine 443 com/android/dx/cf/code/RopperMachine 452 com/android/dx/cf/code/RopperMachine 467 com/android/dx/cf/code/Frame 473 com/android/dx/cf/code/ExecutionStack 479 com/android/dx/cf/code/RopperMachine 490 com/android/dx/cf/code/Frame 496 com/android/dx/cf/code/ExecutionStack 502 com/android/dx/rop/type/Type 514 com/android/dx/cf/code/RopperMachine 523 com/android/dx/cf/code/Frame 529 com/android/dx/cf/code/ExecutionStack 535 com/android/dx/rop/type/Type 573 com/android/dx/cf/code/RopperMachine 582 com/android/dx/cf/code/RopperMachine 591 com/android/dx/cf/code/Frame 597 com/android/dx/cf/code/ExecutionStack 605 com/android/dx/rop/type/Type 611 com/android/dx/cf/code/RopperMachine 620 com/android/dx/cf/code/RopperMachine 629 com/android/dx/cf/code/RopperMachine 638 com/android/dx/cf/code/RopperMachine 647 com/android/dx/cf/code/RopperMachine 656 com/android/dx/cf/code/RopperMachine 665 com/android/dx/cf/code/Frame 671 com/android/dx/rop/type/Type 684 com/android/dx/cf/code/ExecutionStack 690 com/android/dx/cf/code/ExecutionStack 702 com/android/dx/rop/type/Type 708 com/android/dx/cf/code/RopperMachine 788 com/android/dx/cf/code/Frame 794 com/android/dx/cf/code/ExecutionStack 800 com/android/dx/rop/type/Type 812 com/android/dx/cf/code/RopperMachine 818 com/android/dx/cf/code/RopperMachine 827 com/android/dx/cf/code/Frame 833 com/android/dx/cf/code/ExecutionStack 839 com/android/dx/rop/type/Type 849 com/android/dx/cf/code/ExecutionStack 855 com/android/dx/rop/type/Type 867 com/android/dx/cf/code/RopperMachine 873 com/android/dx/cf/code/RopperMachine 882 com/android/dx/cf/code/Frame 888 com/android/dx/cf/code/ExecutionStack 894 com/android/dx/rop/type/Type 906 com/android/dx/cf/code/ExecutionStack 912 com/android/dx/rop/type/Type 937 com/android/dx/cf/code/ExecutionStack 943 com/android/dx/rop/type/Type 953 com/android/dx/cf/code/RopperMachine 959 com/android/dx/cf/code/RopperMachine 1303 com/android/dx/cf/code/RopperMachine 1309 com/android/dx/cf/code/RopperMachine
instanceKlass sun/reflect/generics/reflectiveObjects/LazyReflectiveObjectGenerator
instanceKlass java/lang/reflect/TypeVariable
instanceKlass sun/reflect/generics/reflectiveObjects/ParameterizedTypeImpl
instanceKlass java/lang/reflect/ParameterizedType
instanceKlass sun/reflect/generics/visitor/Reifier
instanceKlass sun/reflect/generics/visitor/TypeTreeVisitor
instanceKlass sun/reflect/generics/tree/ClassSignature
instanceKlass sun/reflect/generics/tree/Signature
instanceKlass sun/reflect/generics/tree/ClassTypeSignature
instanceKlass sun/reflect/generics/tree/SimpleClassTypeSignature
instanceKlass sun/reflect/generics/tree/FieldTypeSignature
instanceKlass sun/reflect/generics/tree/BaseType
instanceKlass sun/reflect/generics/tree/TypeSignature
instanceKlass sun/reflect/generics/tree/ReturnType
instanceKlass sun/reflect/generics/tree/TypeArgument
instanceKlass sun/reflect/generics/tree/FormalTypeParameter
instanceKlass sun/reflect/generics/tree/TypeTree
instanceKlass sun/reflect/generics/tree/Tree
instanceKlass sun/reflect/generics/parser/SignatureParser
instanceKlass sun/reflect/generics/factory/CoreReflectionFactory
instanceKlass sun/reflect/generics/factory/GenericsFactory
instanceKlass sun/reflect/generics/scope/AbstractScope
instanceKlass sun/reflect/generics/scope/Scope
instanceKlass com/android/dx/cf/iface/ParseObserver
instanceKlass com/android/dx/rop/code/RegOps
instanceKlass com/android/dx/rop/code/RegisterSpec$1
instanceKlass com/android/dx/dex/file/FieldAnnotationStruct
instanceKlass java/util/DualPivotQuicksort
instanceKlass java/util/ArrayList$1
instanceKlass com/android/dx/ssa/back/FirstFitLocalCombiningAllocator$Multiset
instanceKlass com/android/dx/cf/code/Ropper$ExceptionHandlerSetup
instanceKlass com/android/dx/ssa/PhiInsn$Operand
instanceKlass com/android/dx/dex/file/ParameterAnnotationStruct
instanceKlass com/android/dx/dex/code/DalvCode
instanceKlass com/android/dx/dex/code/StdCatchBuilder
instanceKlass com/android/dx/dex/code/RopToDop
instanceKlass com/android/dx/dex/code/OutputFinisher
instanceKlass com/android/dx/dex/code/OutputCollector
instanceKlass com/android/dx/rop/code/Insn$BaseVisitor
instanceKlass com/android/dx/io/Opcodes
instanceKlass com/android/dx/dex/code/InsnFormat
instanceKlass com/android/dx/dex/code/Dop
instanceKlass com/android/dx/dex/code/Dops
instanceKlass com/android/dx/dex/code/BlockAddresses
instanceKlass com/android/dx/dex/code/CatchBuilder
instanceKlass com/android/dx/dex/code/DalvInsn
instanceKlass com/android/dx/dex/code/RopTranslator$TranslationVisitor
instanceKlass com/android/dx/dex/code/RopTranslator
instanceKlass com/android/dx/rop/code/LocalVariableExtractor
instanceKlass com/android/dx/ssa/back/IdenticalBlockCombiner
instanceKlass com/android/dx/ssa/back/SsaToRop$1
instanceKlass com/android/dx/ssa/back/SsaToRop$PhiVisitor
instanceKlass com/android/dx/ssa/back/FirstFitLocalCombiningAllocator$1
instanceKlass com/android/dx/ssa/back/LivenessAnalyzer$1
instanceKlass com/android/dx/ssa/back/InterferenceGraph
instanceKlass com/android/dx/ssa/back/LivenessAnalyzer
instanceKlass com/android/dx/ssa/back/RegisterAllocator
instanceKlass com/android/dx/ssa/back/SsaToRop
instanceKlass com/android/dx/ssa/PhiTypeResolver
instanceKlass com/android/dx/ssa/ConstCollector$1
instanceKlass java/util/HashMap$HashIterator
instanceKlass com/android/dx/ssa/ConstCollector
instanceKlass com/android/dx/ssa/SsaMethod$1
instanceKlass com/android/dx/ssa/LiteralOpUpgrader$1
instanceKlass com/android/dx/ssa/LiteralOpUpgrader
instanceKlass com/android/dx/ssa/DeadCodeRemover$NoSideEffectVisitor
instanceKlass com/android/dx/ssa/DeadCodeRemover
instanceKlass com/android/dx/ssa/SsaMethod$2
instanceKlass com/android/dx/ssa/SCCP
instanceKlass com/android/dx/ssa/MoveParamCombiner$1
instanceKlass com/android/dx/ssa/MoveParamCombiner
instanceKlass com/android/dx/ssa/SsaRenamer$BlockRenamer$1
instanceKlass com/android/dx/ssa/RegisterMapper
instanceKlass com/android/dx/ssa/PhiInsn$Visitor
instanceKlass com/android/dx/ssa/SsaRenamer$BlockRenamer
instanceKlass com/android/dx/ssa/SsaRenamer$1
instanceKlass com/android/dx/ssa/SsaRenamer
instanceKlass com/android/dx/util/BitIntSet$1
instanceKlass com/android/dx/util/IntIterator
instanceKlass com/android/dx/util/BitIntSet
instanceKlass com/android/dx/util/IntSet
instanceKlass com/android/dx/ssa/SetFactory
instanceKlass com/android/dx/ssa/Dominators$DfsWalker
instanceKlass com/android/dx/ssa/Dominators$DFSInfo
instanceKlass com/android/dx/ssa/SsaBasicBlock$Visitor
instanceKlass com/android/dx/ssa/Dominators
instanceKlass com/android/dx/ssa/DomFront$DomInfo
instanceKlass com/android/dx/ssa/DomFront
instanceKlass com/android/dx/ssa/LocalVariableExtractor
instanceKlass com/android/dx/ssa/SsaBasicBlock$LabelComparator
instanceKlass com/android/dx/ssa/SsaBasicBlock
instanceKlass com/android/dx/rop/code/BasicBlockList$RegCountVisitor
instanceKlass com/android/dx/ssa/SsaInsn
instanceKlass com/android/dx/ssa/SsaInsn$Visitor
instanceKlass com/android/dx/ssa/SsaMethod
instanceKlass com/android/dx/ssa/SsaConverter
instanceKlass java/lang/Class$4
instanceKlass com/android/dx/ssa/Optimizer
instanceKlass com/android/dx/rop/code/RopMethod
instanceKlass com/android/dx/rop/code/Insn$Visitor
instanceKlass com/android/dx/cf/code/Merger
instanceKlass com/android/dx/rop/code/BasicBlock
instanceKlass com/android/dx/rop/code/Exceptions
instanceKlass com/android/dx/rop/code/Rop
instanceKlass com/android/dx/rop/code/Rops
instanceKlass com/android/dx/rop/code/RegisterSpec$ForComparison
instanceKlass com/android/dx/rop/code/RegisterSpec
instanceKlass com/android/dx/rop/code/LocalItem
instanceKlass com/android/dx/rop/code/SourcePosition
instanceKlass com/android/dx/cf/code/Ropper$LabelAllocator
instanceKlass com/android/dx/cf/code/Ropper$CatchInfo
instanceKlass com/android/dx/cf/code/Ropper$Subroutine
instanceKlass com/android/dx/cf/code/Frame
instanceKlass com/android/dx/cf/code/Simulator$SimVisitor
instanceKlass com/android/dx/cf/code/Simulator
instanceKlass com/android/dx/dex/file/MethodAnnotationStruct
instanceKlass com/android/dx/cf/code/BaseMachine
instanceKlass com/android/dx/cf/code/ByteBlock
instanceKlass com/android/dx/util/LabeledItem
instanceKlass com/android/dx/cf/code/ByteCatchList$Item
instanceKlass com/android/dx/cf/code/ByteOps
instanceKlass com/android/dx/util/Bits
instanceKlass com/android/dx/cf/code/BasicBlocker
instanceKlass com/android/dx/rop/code/BasicBlock$Visitor
instanceKlass com/android/dx/rop/code/Insn
instanceKlass com/android/dx/cf/code/Machine
instanceKlass com/android/dx/cf/code/Ropper
instanceKlass com/android/dx/rop/code/DexTranslationAdvice
instanceKlass com/android/dx/cf/code/ConcreteMethod
instanceKlass com/android/dx/dex/file/EncodedMember
instanceKlass com/android/dx/dex/file/ValueEncoder
instanceKlass com/android/dx/dex/file/AnnotationItem$TypeIdSorter
instanceKlass java/util/Collections$UnmodifiableCollection$1
instanceKlass java/util/TreeMap$PrivateEntryIterator
instanceKlass com/android/dx/dex/file/AnnotationUtils
instanceKlass com/android/dx/dex/cf/AttributeTranslator
instanceKlass com/android/dx/dex/cf/OptimizerOptions
instanceKlass com/android/dx/rop/code/TranslationAdvice
instanceKlass com/android/dx/dex/code/DalvCode$AssignIndicesCallback
instanceKlass com/android/dx/dex/cf/CfTranslator
instanceKlass sun/nio/ch/Interruptible
instanceKlass java/util/concurrent/locks/LockSupport
instanceKlass com/android/dx/rop/annotation/NameValuePair
instanceKlass com/android/dx/cf/direct/DirectClassFile$DcfTypeList
instanceKlass com/android/dx/command/dexer/Main$ClassDefItemConsumer
instanceKlass java/util/concurrent/FutureTask$WaitNode
instanceKlass java/util/concurrent/FutureTask
instanceKlass java/util/concurrent/RunnableFuture
instanceKlass java/util/concurrent/Future
instanceKlass com/android/dx/command/dexer/Main$ClassTranslatorTask
instanceKlass com/android/dx/cf/attrib/InnerClassList$Item
instanceKlass com/android/dx/cf/direct/AnnotationParser
instanceKlass com/android/dx/util/Hex
instanceKlass com/android/dx/rop/code/AccessFlags
instanceKlass com/android/dx/cf/code/LocalVariableList$Item
instanceKlass com/android/dx/cf/code/LineNumberList$Item
instanceKlass com/android/dx/cf/code/BytecodeArray$BaseVisitor
instanceKlass com/android/dx/cf/code/BytecodeArray
instanceKlass com/android/dx/cf/iface/Method
instanceKlass com/android/dx/cf/iface/StdMember
instanceKlass com/android/dx/cf/attrib/BaseAttribute
instanceKlass com/android/dx/cf/direct/AttributeListParser
instanceKlass com/android/dx/cf/iface/Field
instanceKlass com/android/dx/cf/iface/Member
instanceKlass com/android/dx/cf/direct/MemberListParser
instanceKlass com/android/dx/rop/type/Prototype
instanceKlass com/android/dx/rop/type/Type
instanceKlass com/android/dx/util/MutabilityControl
instanceKlass com/android/dx/cf/cst/ConstantPoolParser
instanceKlass com/android/dx/cf/code/BytecodeArray$Visitor
instanceKlass com/android/dx/cf/iface/Attribute
instanceKlass com/android/dx/util/ByteArray
instanceKlass com/android/dx/rop/type/TypeList
instanceKlass com/android/dx/cf/iface/MethodList
instanceKlass com/android/dx/cf/iface/FieldList
instanceKlass com/android/dx/cf/iface/AttributeList
instanceKlass com/android/dx/rop/cst/ConstantPool
instanceKlass com/android/dx/cf/direct/DirectClassFile
instanceKlass com/android/dx/cf/iface/ClassFile
instanceKlass com/android/dx/cf/iface/HasAttribute
instanceKlass com/android/dx/command/dexer/Main$ClassParserTask
instanceKlass com/android/dx/command/dexer/Main$DirectClassFileConsumer
instanceKlass java/util/ArrayList$Itr
instanceKlass java/util/regex/Matcher
instanceKlass java/util/regex/MatchResult
instanceKlass java/util/regex/Pattern$Node
instanceKlass java/util/regex/Pattern
instanceKlass java/util/TimSort
instanceKlass com/android/dx/cf/direct/ClassPathOpener$3
instanceKlass java/util/zip/ZipFile$ZipEntryIterator
instanceKlass com/android/dx/command/dexer/Main$FileBytesConsumer
instanceKlass com/android/dx/cf/direct/ClassPathOpener$1
instanceKlass com/android/dx/cf/direct/ClassPathOpener
instanceKlass java/util/concurrent/LinkedBlockingQueue$Node
instanceKlass java/util/concurrent/Executors$DefaultThreadFactory
instanceKlass java/util/concurrent/ThreadFactory
instanceKlass java/util/concurrent/Executors
instanceKlass java/util/concurrent/ThreadPoolExecutor$CallerRunsPolicy
instanceKlass java/util/concurrent/locks/AbstractQueuedSynchronizer$ConditionObject
instanceKlass java/util/concurrent/locks/Condition
instanceKlass java/util/concurrent/locks/AbstractQueuedSynchronizer$Node
instanceKlass java/util/concurrent/locks/AbstractOwnableSynchronizer
instanceKlass java/util/concurrent/ThreadPoolExecutor$AbortPolicy
instanceKlass java/util/concurrent/AbstractExecutorService
instanceKlass java/util/ComparableTimSort
instanceKlass sun/security/action/GetBooleanAction
instanceKlass java/util/Arrays$LegacyMergeSort
instanceKlass com/android/dx/dex/file/MixedItemSection$1
instanceKlass com/android/dx/dex/file/Item
instanceKlass com/android/dx/rop/type/TypeBearer
instanceKlass com/android/dx/rop/cst/Constant
instanceKlass com/android/dx/util/ToHuman
instanceKlass com/android/dx/util/AnnotatedOutput
instanceKlass com/android/dx/util/Output
instanceKlass com/android/dex/util/ByteOutput
instanceKlass com/android/dx/dex/file/Section
instanceKlass com/android/dx/dex/file/DexFile
instanceKlass com/android/dx/dex/DexOptions
instanceKlass com/android/dx/command/DxConsole
instanceKlass com/android/dx/dex/cf/CfOptions
instanceKlass com/android/dex/util/FileUtils
instanceKlass com/android/dx/command/dexer/Main$Arguments$ArgumentsParser
instanceKlass com/android/dx/command/dexer/Main$Arguments
instanceKlass com/android/dx/cf/direct/AttributeFactory
instanceKlass com/android/dx/cf/direct/ClassPathOpener$Consumer
instanceKlass com/android/dx/cf/direct/ClassPathOpener$FileNameFilter
instanceKlass java/util/concurrent/ExecutorService
instanceKlass java/util/concurrent/Executor
instanceKlass java/util/concurrent/BlockingQueue
instanceKlass java/util/concurrent/RejectedExecutionHandler
instanceKlass java/util/concurrent/Callable
instanceKlass com/android/dx/command/dexer/Main
instanceKlass java/lang/Void
instanceKlass java/lang/Class$MethodArray
instanceKlass sun/launcher/LauncherHelper$FXHelper
instanceKlass com/android/dx/command/Main
instanceKlass java/io/FilePermission$1
instanceKlass sun/net/www/MessageHeader
instanceKlass java/net/URLConnection
instanceKlass java/security/PermissionCollection
instanceKlass sun/nio/ByteBuffered
instanceKlass sun/security/util/ManifestEntryVerifier
instanceKlass sun/security/util/SignatureFileVerifier
instanceKlass java/lang/Package
instanceKlass java/util/jar/JarVerifier$3
instanceKlass java/security/CodeSigner
instanceKlass java/util/jar/JarVerifier
instanceKlass java/util/jar/Attributes$Name
instanceKlass java/util/jar/Attributes
instanceKlass sun/misc/Resource
instanceKlass sun/misc/IOUtils
instanceKlass java/util/zip/ZStreamRef
instanceKlass java/util/zip/Inflater
instanceKlass sun/util/calendar/CalendarUtils
instanceKlass sun/util/calendar/CalendarDate
instanceKlass java/util/TimeZone$1
instanceKlass java/util/zip/CRC32
instanceKlass java/util/zip/Checksum
instanceKlass sun/util/calendar/ZoneInfoFile$ZoneOffsetTransitionRule
instanceKlass java/io/DataInput
instanceKlass sun/util/calendar/ZoneInfoFile$1
instanceKlass sun/util/calendar/ZoneInfoFile
instanceKlass java/util/TimeZone
instanceKlass sun/util/calendar/CalendarSystem
instanceKlass java/util/Date
instanceKlass java/util/zip/ZipUtils
instanceKlass java/util/zip/ZipEntry
instanceKlass sun/misc/ExtensionDependency
instanceKlass sun/misc/JarIndex
instanceKlass sun/nio/ch/DirectBuffer
instanceKlass sun/misc/PerfCounter$CoreCounters
instanceKlass sun/misc/Perf
instanceKlass sun/misc/Perf$GetPerfAction
instanceKlass sun/misc/PerfCounter
instanceKlass java/util/zip/ZipCoder
instanceKlass java/util/Deque
instanceKlass java/util/Queue
instanceKlass java/nio/charset/StandardCharsets
instanceKlass java/util/jar/JavaUtilJarAccessImpl
instanceKlass sun/misc/JavaUtilJarAccess
instanceKlass sun/misc/FileURLMapper
instanceKlass sun/misc/URLClassPath$JarLoader$1
instanceKlass sun/nio/cs/ThreadLocalCoders$Cache
instanceKlass sun/nio/cs/ThreadLocalCoders
instanceKlass java/util/zip/ZipFile$1
instanceKlass sun/misc/JavaUtilZipFileAccess
instanceKlass java/util/zip/ZipFile
instanceKlass java/util/zip/ZipConstants
instanceKlass sun/misc/URLClassPath$Loader
instanceKlass sun/misc/URLClassPath$3
instanceKlass sun/net/util/URLUtil
instanceKlass java/net/URLClassLoader$1
instanceKlass sun/misc/PostVMInitHook
instanceKlass java/lang/invoke/MethodHandleStatics$1
instanceKlass java/lang/invoke/MethodHandleStatics
instanceKlass java/lang/invoke/MemberName$Factory
instanceKlass java/lang/ClassValue$Version
instanceKlass java/lang/ClassValue$Identity
instanceKlass java/lang/ClassValue
instanceKlass java/lang/invoke/MethodHandleImpl$3
instanceKlass java/lang/invoke/MethodHandleImpl$2
instanceKlass java/util/function/Function
instanceKlass java/lang/invoke/MethodHandleImpl$1
instanceKlass java/lang/invoke/MethodHandleImpl
instanceKlass java/lang/SystemClassLoaderAction
instanceKlass sun/misc/Launcher$AppClassLoader$1
instanceKlass sun/misc/URLClassPath
instanceKlass java/security/Principal
instanceKlass java/security/ProtectionDomain$Key
instanceKlass java/security/ProtectionDomain$3
instanceKlass sun/misc/JavaSecurityProtectionDomainAccess
instanceKlass java/security/ProtectionDomain$1
instanceKlass sun/misc/JavaSecurityAccess
instanceKlass java/net/URLStreamHandler
instanceKlass java/net/Parts
instanceKlass java/util/BitSet
instanceKlass sun/net/www/ParseUtil
instanceKlass java/io/FileInputStream$1
instanceKlass java/lang/CharacterData
instanceKlass sun/util/locale/LocaleUtils
instanceKlass java/util/Locale$LocaleKey
instanceKlass sun/util/locale/BaseLocale$Key
instanceKlass sun/util/locale/BaseLocale
instanceKlass java/util/concurrent/ConcurrentHashMap$CollectionView
instanceKlass java/util/concurrent/ConcurrentHashMap$CounterCell
instanceKlass java/util/concurrent/ConcurrentHashMap$Node
instanceKlass java/util/concurrent/locks/ReentrantLock
instanceKlass java/util/concurrent/locks/Lock
instanceKlass java/util/concurrent/ConcurrentMap
instanceKlass sun/util/locale/LocaleObjectCache
instanceKlass java/util/Locale
instanceKlass java/lang/reflect/Array
instanceKlass java/io/Reader
instanceKlass sun/misc/MetaIndex
instanceKlass sun/misc/Launcher$ExtClassLoader$1
instanceKlass java/util/StringTokenizer
instanceKlass java/net/URLClassLoader$7
instanceKlass sun/misc/JavaNetAccess
instanceKlass java/lang/ClassLoader$ParallelLoaders
instanceKlass sun/security/util/Debug
instanceKlass sun/misc/Launcher$Factory
instanceKlass java/net/URLStreamHandlerFactory
instanceKlass java/lang/Compiler$1
instanceKlass java/lang/Compiler
instanceKlass java/lang/System$2
instanceKlass sun/misc/JavaLangAccess
instanceKlass sun/io/Win32ErrorMode
instanceKlass sun/misc/OSEnvironment
instanceKlass java/lang/Integer$IntegerCache
instanceKlass sun/misc/NativeSignalHandler
instanceKlass sun/misc/Signal
instanceKlass java/lang/Terminator$1
instanceKlass sun/misc/SignalHandler
instanceKlass java/lang/Terminator
instanceKlass java/io/ExpiringCache$Entry
instanceKlass java/lang/ClassLoader$3
instanceKlass java/lang/StringCoding$StringEncoder
instanceKlass java/lang/ClassLoader$NativeLibrary
instanceKlass java/nio/file/Path
instanceKlass java/nio/file/Watchable
instanceKlass java/lang/Enum
instanceKlass java/io/ExpiringCache
instanceKlass java/io/FileSystem
instanceKlass java/io/DefaultFileSystem
instanceKlass java/nio/charset/CoderResult$Cache
instanceKlass java/nio/charset/CoderResult
instanceKlass java/lang/Readable
instanceKlass java/nio/Bits$1
instanceKlass sun/misc/JavaNioAccess
instanceKlass java/nio/ByteOrder
instanceKlass java/nio/Bits
instanceKlass java/nio/charset/CharsetEncoder
instanceKlass sun/nio/cs/ArrayEncoder
instanceKlass sun/security/action/GetPropertyAction
instanceKlass java/io/Writer
instanceKlass sun/reflect/misc/ReflectUtil
instanceKlass java/util/concurrent/atomic/AtomicReferenceFieldUpdater$AtomicReferenceFieldUpdaterImpl$1
instanceKlass java/security/PrivilegedExceptionAction
instanceKlass java/util/concurrent/atomic/AtomicReferenceFieldUpdater
instanceKlass java/io/OutputStream
instanceKlass java/io/Flushable
instanceKlass sun/misc/SharedSecrets
instanceKlass java/io/FileDescriptor$1
instanceKlass sun/misc/JavaIOFileDescriptorAccess
instanceKlass java/io/FileDescriptor
instanceKlass sun/misc/Version
instanceKlass java/lang/Runtime
instanceKlass java/util/Hashtable$Enumerator
instanceKlass java/util/Iterator
instanceKlass java/util/Enumeration
instanceKlass java/util/Objects
instanceKlass java/util/Collections$SynchronizedCollection
instanceKlass java/nio/charset/CodingErrorAction
instanceKlass java/nio/charset/CharsetDecoder
instanceKlass sun/nio/cs/ArrayDecoder
instanceKlass sun/nio/cs/ext/DelegatableDecoder
instanceKlass sun/nio/cs/ext/DoubleByte
instanceKlass java/lang/StringCoding$StringDecoder
instanceKlass java/lang/ThreadLocal$ThreadLocalMap
instanceKlass java/lang/StringCoding
instanceKlass sun/nio/cs/HistoricallyNamedCharset
instanceKlass java/util/TreeMap$Entry
instanceKlass sun/misc/ASCIICaseInsensitiveComparator
instanceKlass java/util/NavigableMap
instanceKlass java/util/SortedMap
instanceKlass sun/reflect/ReflectionFactory$1
instanceKlass java/lang/Class$1
instanceKlass java/nio/charset/Charset$ExtendedProviderHolder$1
instanceKlass java/nio/charset/Charset$ExtendedProviderHolder
instanceKlass java/util/Arrays
instanceKlass java/lang/reflect/ReflectAccess
instanceKlass sun/reflect/LangReflectAccess
instanceKlass java/lang/reflect/Modifier
instanceKlass sun/reflect/annotation/AnnotationType
instanceKlass java/lang/Class$AnnotationData
instanceKlass sun/reflect/generics/repository/AbstractRepository
instanceKlass java/lang/Class$Atomic
instanceKlass java/lang/Class$ReflectionData
instanceKlass java/lang/Class$3
instanceKlass java/util/HashMap$Node
instanceKlass sun/reflect/Reflection
instanceKlass java/util/Collections$UnmodifiableCollection
instanceKlass java/util/Set
instanceKlass java/util/Collections
instanceKlass java/lang/ThreadLocal
instanceKlass java/util/AbstractMap
instanceKlass java/nio/charset/spi/CharsetProvider
instanceKlass java/nio/charset/Charset
instanceKlass sun/misc/VM
instanceKlass java/lang/Math
instanceKlass java/util/Hashtable$Entry
instanceKlass java/util/Map$Entry
instanceKlass java/lang/ref/ReferenceQueue$Lock
instanceKlass java/lang/ref/ReferenceQueue
